<?xml version="1.0" encoding="UTF-8"?>
<!-- Generated by org.testng.reporters.JUnitXMLReporter -->
<testsuite hostname="INBASDPC06335" ignored="0" name="Test" tests="1" failures="0" timestamp="21 Jan 2019 06:11:16 GMT" time="0.078" errors="0">
  <testcase name="@BeforeTest loginsetup" time="0.047" classname="JavaTest.Pass">
    <failure type="java.lang.IllegalStateException" message="The driver executable does not exist: D:\Software Backups\eclip\JavaTestPass\Browserdriver\chromedriver.exe">
      <![CDATA[java.lang.IllegalStateException: The driver executable does not exist: D:\Software Backups\eclip\JavaTestPass\Browserdriver\chromedriver.exe
at com.google.common.base.Preconditions.checkState(Preconditions.java:585)
at org.openqa.selenium.remote.service.DriverService.checkExecutable(DriverService.java:146)
at org.openqa.selenium.remote.service.DriverService.findExecutable(DriverService.java:141)
at org.openqa.selenium.chrome.ChromeDriverService.access$000(ChromeDriverService.java:35)
at org.openqa.selenium.chrome.ChromeDriverService$Builder.findDefaultExecutable(ChromeDriverService.java:159)
at org.openqa.selenium.remote.service.DriverService$Builder.build(DriverService.java:355)
at org.openqa.selenium.chrome.ChromeDriverService.createDefaultService(ChromeDriverService.java:94)
at org.openqa.selenium.chrome.ChromeDriver.<init>(ChromeDriver.java:123)
at JavaTest.Pass.loginsetup(Pass.java:20)
... Removed 24 stack frames]]>
    </failure>
  </testcase> <!-- @BeforeTest loginsetup -->
  <testcase name="@AfterTest aftertest" time="0.0" classname="JavaTest.Pass">
    <skipped/>
  </testcase> <!-- @AfterTest aftertest -->
  <testcase name="test" time="0.0" classname="JavaTest.Pass">
    <skipped/>
  </testcase> <!-- test -->
</testsuite> <!-- Test -->
